<?xml version="1.0" encoding="UTF-8"?>
<testng-results ignored="0" total="3" passed="2" failed="0" skipped="1">
  <reporter-output>
  </reporter-output>
  <suite started-at="2023-01-08T14:51:15 EST" name="Default suite" finished-at="2023-01-08T14:51:36 EST" duration-ms="21181">
    <groups>
    </groups>
    <test started-at="2023-01-08T14:51:15 EST" name="Default test" finished-at="2023-01-08T14:51:36 EST" duration-ms="21181">
      <class name="com.parabank.qa.testcases.RegistrationTest">
        <test-method is-config="true" signature="setUp()[pri:0, instance:com.parabank.qa.testcases.RegistrationTest@3daa422a]" started-at="2023-01-08T14:51:15 EST" name="setUp" finished-at="2023-01-08T14:51:28 EST" duration-ms="13052" status="PASS">
          <reporter-output>
          </reporter-output>
        </test-method> <!-- setUp -->
        <test-method signature="validateFMLIlink()[pri:0, instance:com.parabank.qa.testcases.RegistrationTest@3daa422a]" started-at="2023-01-08T14:51:28 EST" name="validateFMLIlink" finished-at="2023-01-08T14:51:29 EST" duration-ms="958" status="PASS">
          <reporter-output>
          </reporter-output>
        </test-method> <!-- validateFMLIlink -->
        <test-method is-config="true" signature="tearDown1()[pri:0, instance:com.parabank.qa.testcases.RegistrationTest@3daa422a]" started-at="2023-01-08T14:51:29 EST" name="tearDown1" finished-at="2023-01-08T14:51:30 EST" duration-ms="904" status="PASS">
          <reporter-output>
          </reporter-output>
        </test-method> <!-- tearDown1 -->
        <test-method is-config="true" signature="setUp()[pri:0, instance:com.parabank.qa.testcases.RegistrationTest@3daa422a]" started-at="2023-01-08T14:51:30 EST" name="setUp" finished-at="2023-01-08T14:51:35 EST" duration-ms="5429" status="PASS">
          <reporter-output>
          </reporter-output>
        </test-method> <!-- setUp -->
        <test-method signature="RegistrationPageTitleTest()[pri:1, instance:com.parabank.qa.testcases.RegistrationTest@3daa422a]" started-at="2023-01-08T14:51:35 EST" name="RegistrationPageTitleTest" finished-at="2023-01-08T14:51:35 EST" duration-ms="10" status="PASS">
          <reporter-output>
          </reporter-output>
        </test-method> <!-- RegistrationPageTitleTest -->
        <test-method is-config="true" signature="tearDown1()[pri:0, instance:com.parabank.qa.testcases.RegistrationTest@3daa422a]" started-at="2023-01-08T14:51:35 EST" name="tearDown1" finished-at="2023-01-08T14:51:36 EST" duration-ms="675" status="PASS">
          <reporter-output>
          </reporter-output>
        </test-method> <!-- tearDown1 -->
        <test-method signature="validateRegistrationFormTest(java.lang.String,java.lang.String,java.lang.String,java.lang.String,java.lang.String,java.lang.String,java.lang.String,java.lang.String,java.lang.String,java.lang.String,java.lang.String)[pri:2, instance:com.parabank.qa.testcases.RegistrationTest@3daa422a]" started-at="2023-01-08T14:51:36 EST" name="validateRegistrationFormTest" data-provider="getExcelData" finished-at="2023-01-08T14:51:36 EST" duration-ms="0" status="SKIP">
          <exception class="java.lang.RuntimeException">
            <message>
              <![CDATA[java.lang.NullPointerException: Cannot invoke "org.apache.poi.xssf.usermodel.XSSFWorkbook.getSheetIndex(String)" because "this.workbook" is null]]>
            </message>
            <full-stacktrace>
              <![CDATA[java.lang.RuntimeException: java.lang.NullPointerException: Cannot invoke "org.apache.poi.xssf.usermodel.XSSFWorkbook.getSheetIndex(String)" because "this.workbook" is null
at org.testng.internal.MethodInvocationHelper.invokeMethodNoCheckedException(MethodInvocationHelper.java:50)
at org.testng.internal.MethodInvocationHelper.invokeDataProvider(MethodInvocationHelper.java:146)
at org.testng.internal.Parameters.handleParameters(Parameters.java:798)
at org.testng.internal.Parameters.handleParameters(Parameters.java:740)
at org.testng.internal.ParameterHandler.handleParameters(ParameterHandler.java:59)
at org.testng.internal.ParameterHandler.createParameters(ParameterHandler.java:38)
at org.testng.internal.TestInvoker$MethodInvocationAgent.invoke(TestInvoker.java:791)
at org.testng.internal.TestInvoker.invokeTestMethods(TestInvoker.java:146)
at org.testng.internal.TestMethodWorker.invokeTestMethods(TestMethodWorker.java:146)
at org.testng.internal.TestMethodWorker.run(TestMethodWorker.java:128)
at java.base/java.util.ArrayList.forEach(ArrayList.java:1511)
at org.testng.TestRunner.privateRun(TestRunner.java:794)
at org.testng.TestRunner.run(TestRunner.java:596)
at org.testng.SuiteRunner.runTest(SuiteRunner.java:377)
at org.testng.SuiteRunner.runSequentially(SuiteRunner.java:371)
at org.testng.SuiteRunner.privateRun(SuiteRunner.java:332)
at org.testng.SuiteRunner.run(SuiteRunner.java:276)
at org.testng.SuiteRunnerWorker.runSuite(SuiteRunnerWorker.java:53)
at org.testng.SuiteRunnerWorker.run(SuiteRunnerWorker.java:96)
at org.testng.TestNG.runSuitesSequentially(TestNG.java:1212)
at org.testng.TestNG.runSuitesLocally(TestNG.java:1134)
at org.testng.TestNG.runSuites(TestNG.java:1063)
at org.testng.TestNG.run(TestNG.java:1031)
at org.testng.remote.AbstractRemoteTestNG.run(AbstractRemoteTestNG.java:115)
at org.testng.remote.RemoteTestNG.initAndRun(RemoteTestNG.java:251)
at org.testng.remote.RemoteTestNG.main(RemoteTestNG.java:77)
Caused by: java.lang.NullPointerException: Cannot invoke "org.apache.poi.xssf.usermodel.XSSFWorkbook.getSheetIndex(String)" because "this.workbook" is null
at com.parabank.qa.util.ExcelSheet.getRowCount(ExcelSheet.java:48)
at com.parabank.qa.util.DataProviderData.getData(DataProviderData.java:10)
at com.parabank.qa.testcases.RegistrationTest.getExcelData(RegistrationTest.java:49)
at java.base/jdk.internal.reflect.DirectMethodHandleAccessor.invoke(DirectMethodHandleAccessor.java:104)
at java.base/java.lang.reflect.Method.invoke(Method.java:578)
at org.testng.internal.MethodInvocationHelper.invokeMethod(MethodInvocationHelper.java:133)
at org.testng.internal.MethodInvocationHelper.invokeMethod(MethodInvocationHelper.java:77)
at org.testng.internal.MethodInvocationHelper.invokeMethodNoCheckedException(MethodInvocationHelper.java:46)
... 25 more
]]>
            </full-stacktrace>
          </exception> <!-- java.lang.RuntimeException -->
          <reporter-output>
          </reporter-output>
        </test-method> <!-- validateRegistrationFormTest -->
      </class> <!-- com.parabank.qa.testcases.RegistrationTest -->
    </test> <!-- Default test -->
  </suite> <!-- Default suite -->
</testng-results>
